<?xml version="1.0" encoding="UTF-8"?>
<!-- Generated by org.testng.reporters.JUnitReportReporter -->
<testsuite skipped="0" hostname="IN-PF1KFNVF" name="com.test.features.Feature_ShoppingCart" tests="1" failures="0" timestamp="2022-01-19T20:31:48 IST" time="15.688" errors="0">
  <testcase name="validate_ShoppingCart" time="15.688" classname="com.test.features.Feature_ShoppingCart"/>
  <system-out/>
</testsuite> <!-- com.test.features.Feature_ShoppingCart -->
