<?xml version="1.0" encoding="UTF-8"?>
<!-- Generated by org.testng.reporters.JUnitReportReporter -->
<testsuite skipped="0" hostname="IN-PF1KFNVF" name="com.test.utils.Feature_UserRegister" tests="1" failures="0" timestamp="2022-01-18T12:41:42 IST" time="6.504" errors="0">
  <testcase name="validate_UserRegister" time="6.504" classname="com.test.utils.Feature_UserRegister"/>
  <system-out/>
</testsuite> <!-- com.test.utils.Feature_UserRegister -->
