<?xml version="1.0" encoding="UTF-8"?>
<!-- Generated by org.testng.reporters.JUnitReportReporter -->
<testsuite skipped="0" hostname="IN-PF1KFNVF" name="com.test.features.Feature_ComputersSection" tests="1" failures="0" timestamp="2022-01-19T15:28:25 IST" time="6.749" errors="0">
  <testcase name="validate_ComputerSection" time="6.749" classname="com.test.features.Feature_ComputersSection"/>
  <system-out/>
</testsuite> <!-- com.test.features.Feature_ComputersSection -->
